  Advantages.cpp
C:\Users\cstan\Desktop\triv\triv\Board.h(21,21): warning C4018: '<': signed/unsigned mismatch
C:\Users\cstan\Desktop\triv\triv\Board.h(23,22): warning C4018: '<': signed/unsigned mismatch
C:\Users\cstan\Desktop\triv\triv\Advantages.cpp(88,13): warning C4244: 'argument': conversion from 'time_t' to 'unsigned int', possible loss of data
  Board.cpp
C:\Users\cstan\Desktop\triv\triv\Board.h(21,21): warning C4018: '<': signed/unsigned mismatch
C:\Users\cstan\Desktop\triv\triv\Board.h(23,22): warning C4018: '<': signed/unsigned mismatch
C:\Users\cstan\Desktop\triv\triv\Board.cpp(27,20): warning C4018: '<': signed/unsigned mismatch
C:\Users\cstan\Desktop\triv\triv\Board.cpp(29,21): warning C4018: '<': signed/unsigned mismatch
  Game.cpp
C:\Users\cstan\Desktop\triv\triv\Board.h(21,21): warning C4018: '<': signed/unsigned mismatch
C:\Users\cstan\Desktop\triv\triv\Board.h(23,22): warning C4018: '<': signed/unsigned mismatch
C:\Users\cstan\source\repos\vcpkg\installed\x64-windows\include\crow\query_string.h(117,37): warning C4267: '=': conversion from 'size_t' to 'int', possible loss of data
C:\Users\cstan\source\repos\vcpkg\installed\x64-windows\include\crow\query_string.h(370,1): warning C4267: 'argument': conversion from 'size_t' to 'int', possible loss of data
C:\Users\cstan\source\repos\vcpkg\installed\x64-windows\include\crow\query_string.h(406,1): warning C4267: 'argument': conversion from 'size_t' to 'int', possible loss of data
C:\Users\cstan\source\repos\vcpkg\installed\x64-windows\include\crow\query_string.h(445,1): warning C4267: 'argument': conversion from 'size_t' to 'int', possible loss of data
C:\Users\cstan\source\repos\vcpkg\installed\x64-windows\include\crow\utility.h(691,13): warning C4267: 'initializing': conversion from 'size_t' to 'unsigned int', possible loss of data
C:\Users\cstan\source\repos\vcpkg\installed\x64-windows\include\crow\http_parser_merged.h(589,32): warning C4244: '=': conversion from '__int64' to 'unsigned long', possible loss of data
C:\Users\cstan\source\repos\vcpkg\installed\x64-windows\include\crow\http_parser_merged.h(609,32): warning C4244: '=': conversion from '__int64' to 'unsigned long', possible loss of data
  Please define _WIN32_WINNT or _WIN32_WINDOWS appropriately. For example:
  - add -D_WIN32_WINNT=0x0601 to the compiler command line; or
  - add _WIN32_WINNT=0x0601 to your project's Preprocessor Definitions.
  Assuming _WIN32_WINNT=0x0601 (i.e. Windows 7 target).
C:\Users\cstan\source\repos\vcpkg\installed\x64-windows\include\crow\json.h(1211,39): warning C4267: 'argument': conversion from 'size_t' to 'uint32_t', possible loss of data
C:\Users\cstan\source\repos\vcpkg\installed\x64-windows\include\crow\json.h(1671,1): warning C4267: 'return': conversion from 'size_t' to 'int', possible loss of data
C:\Users\cstan\source\repos\vcpkg\installed\x64-windows\include\crow\mustache.h(97,1): warning C4267: 'initializing': conversion from 'size_t' to 'int', possible loss of data
C:\Users\cstan\source\repos\vcpkg\installed\x64-windows\include\crow\mustache.h(116,1): warning C4267: '=': conversion from 'size_t' to 'int', possible loss of data
C:\Users\cstan\source\repos\vcpkg\installed\x64-windows\include\crow\mustache.h(118,1): warning C4267: 'argument': conversion from 'size_t' to '_Ty', possible loss of data
          with
          [
              _Ty=int
          ]
C:\Users\cstan\source\repos\vcpkg\installed\x64-windows\include\crow\mustache.h(221,1): warning C4267: 'argument': conversion from 'size_t' to 'int', possible loss of data
C:\Users\cstan\source\repos\vcpkg\installed\x64-windows\include\crow\mustache.h(367,1): warning C4267: 'argument': conversion from 'size_t' to 'int', possible loss of data
C:\Users\cstan\source\repos\vcpkg\installed\x64-windows\include\crow\mustache.h(378,1): warning C4267: 'argument': conversion from 'size_t' to 'int', possible loss of data
C:\Users\cstan\source\repos\vcpkg\installed\x64-windows\include\crow\mustache.h(390,1): warning C4267: 'argument': conversion from 'size_t' to 'int', possible loss of data
C:\Users\cstan\source\repos\vcpkg\installed\x64-windows\include\crow\mustache.h(401,1): warning C4267: 'argument': conversion from 'size_t' to 'int', possible loss of data
C:\Users\cstan\source\repos\vcpkg\installed\x64-windows\include\crow\mustache.h(463,1): warning C4267: '=': conversion from 'size_t' to 'int', possible loss of data
C:\Users\cstan\source\repos\vcpkg\installed\x64-windows\include\crow\mustache.h(563,1): warning C4267: 'initializing': conversion from 'size_t' to 'int', possible loss of data
C:\Users\cstan\source\repos\vcpkg\installed\x64-windows\include\crow\routing.h(800,70): warning C4244: 'argument': conversion from '__int64' to 'unsigned int', possible loss of data
C:\Users\cstan\source\repos\vcpkg\installed\x64-windows\include\crow\routing.h(821,70): warning C4244: 'argument': conversion from '__int64' to 'unsigned int', possible loss of data
C:\Users\cstan\source\repos\vcpkg\installed\x64-windows\include\crow\routing.h(842,70): warning C4244: 'argument': conversion from '__int64' to 'unsigned int', possible loss of data
C:\Users\cstan\source\repos\vcpkg\installed\x64-windows\include\crow\routing.h(864,1): warning C4267: 'argument': conversion from 'size_t' to 'unsigned int', possible loss of data
C:\Users\cstan\source\repos\vcpkg\installed\x64-windows\include\crow\routing.h(880,1): warning C4267: 'argument': conversion from 'size_t' to 'unsigned int', possible loss of data
C:\Users\cstan\source\repos\vcpkg\installed\x64-windows\include\crow\routing.h(895,1): warning C4267: 'argument': conversion from 'size_t' to 'unsigned int', possible loss of data
C:\Users\cstan\source\repos\vcpkg\installed\x64-windows\include\crow\routing.h(945,53): warning C4267: '+=': conversion from 'size_t' to 'unsigned int', possible loss of data
C:\Users\cstan\source\repos\vcpkg\installed\x64-windows\include\crow\routing.h(956,45): warning C4267: '+=': conversion from 'size_t' to 'unsigned int', possible loss of data
C:\Users\cstan\source\repos\vcpkg\installed\x64-windows\include\crow\routing.h(1002,36): warning C4267: '+=': conversion from 'size_t' to 'unsigned int', possible loss of data
C:\Users\cstan\source\repos\vcpkg\installed\x64-windows\include\crow\routing.h(1005,33): warning C4267: '+=': conversion from 'size_t' to 'unsigned int', possible loss of data
C:\Users\cstan\source\repos\vcpkg\installed\x64-windows\include\crow\routing.h(1212,1): warning C4267: 'argument': conversion from 'size_t' to 'unsigned int', possible loss of data
C:\Users\cstan\source\repos\vcpkg\installed\x64-windows\include\crow\routing.h(1212,1): warning C4267: 'argument': conversion from 'size_t' to 'uint16_t', possible loss of data
C:\Users\cstan\source\repos\vcpkg\installed\x64-windows\include\crow\routing.h(1259,1): warning C4267: 'argument': conversion from 'size_t' to 'unsigned int', possible loss of data
C:\Users\cstan\source\repos\vcpkg\installed\x64-windows\include\crow\routing.h(1420,1): warning C4267: 'initializing': conversion from 'size_t' to 'int', possible loss of data
C:\Users\cstan\Desktop\triv\triv\Game.cpp(54,3): warning C4267: 'initializing': conversion from 'size_t' to 'int', possible loss of data
C:\Users\cstan\Desktop\triv\triv\Game.cpp(76,13): warning C4244: 'argument': conversion from 'time_t' to 'unsigned int', possible loss of data
  MainWindow.cpp
C:\Users\cstan\Desktop\triv\triv\MainWindow.ui(1,1): error C2059: syntax error: '<'
C:\Users\cstan\Desktop\triv\triv\MainWindow.ui(5,8): error C2332: 'class': missing tag name
C:\Users\cstan\Desktop\triv\triv\MainWindow.ui(5,26): error C2332: 'class': missing tag name
C:\Users\cstan\Desktop\triv\triv\MainWindow.ui(6,15): error C2332: 'class': missing tag name
C:\Users\cstan\Desktop\triv\triv\MainWindow.ui(18,16): error C2332: 'class': missing tag name
C:\Users\cstan\Desktop\triv\triv\MainWindow.ui(28,16): error C2332: 'class': missing tag name
C:\Users\cstan\Desktop\triv\triv\MainWindow.ui(38,16): error C2332: 'class': missing tag name
C:\Users\cstan\Desktop\triv\triv\MainWindow.h(5,1): error C2143: syntax error: missing ';' before '{'
C:\Users\cstan\Desktop\triv\triv\MainWindow.h(5,1): error C2447: '{': missing function header (old-style formal list?)
  Player.cpp
C:\Users\cstan\Desktop\triv\triv\Board.h(21,21): warning C4018: '<': signed/unsigned mismatch
C:\Users\cstan\Desktop\triv\triv\Board.h(23,22): warning C4018: '<': signed/unsigned mismatch
C:\Users\cstan\source\repos\vcpkg\installed\x64-windows\include\crow\query_string.h(117,37): warning C4267: '=': conversion from 'size_t' to 'int', possible loss of data
C:\Users\cstan\source\repos\vcpkg\installed\x64-windows\include\crow\query_string.h(370,1): warning C4267: 'argument': conversion from 'size_t' to 'int', possible loss of data
C:\Users\cstan\source\repos\vcpkg\installed\x64-windows\include\crow\query_string.h(406,1): warning C4267: 'argument': conversion from 'size_t' to 'int', possible loss of data
C:\Users\cstan\source\repos\vcpkg\installed\x64-windows\include\crow\query_string.h(445,1): warning C4267: 'argument': conversion from 'size_t' to 'int', possible loss of data
C:\Users\cstan\source\repos\vcpkg\installed\x64-windows\include\crow\utility.h(691,13): warning C4267: 'initializing': conversion from 'size_t' to 'unsigned int', possible loss of data
C:\Users\cstan\source\repos\vcpkg\installed\x64-windows\include\crow\http_parser_merged.h(589,32): warning C4244: '=': conversion from '__int64' to 'unsigned long', possible loss of data
C:\Users\cstan\source\repos\vcpkg\installed\x64-windows\include\crow\http_parser_merged.h(609,32): warning C4244: '=': conversion from '__int64' to 'unsigned long', possible loss of data
  Please define _WIN32_WINNT or _WIN32_WINDOWS appropriately. For example:
  - add -D_WIN32_WINNT=0x0601 to the compiler command line; or
  - add _WIN32_WINNT=0x0601 to your project's Preprocessor Definitions.
  Assuming _WIN32_WINNT=0x0601 (i.e. Windows 7 target).
C:\Users\cstan\source\repos\vcpkg\installed\x64-windows\include\crow\json.h(1211,39): warning C4267: 'argument': conversion from 'size_t' to 'uint32_t', possible loss of data
C:\Users\cstan\source\repos\vcpkg\installed\x64-windows\include\crow\json.h(1671,1): warning C4267: 'return': conversion from 'size_t' to 'int', possible loss of data
C:\Users\cstan\source\repos\vcpkg\installed\x64-windows\include\crow\mustache.h(97,1): warning C4267: 'initializing': conversion from 'size_t' to 'int', possible loss of data
C:\Users\cstan\source\repos\vcpkg\installed\x64-windows\include\crow\mustache.h(116,1): warning C4267: '=': conversion from 'size_t' to 'int', possible loss of data
C:\Users\cstan\source\repos\vcpkg\installed\x64-windows\include\crow\mustache.h(118,1): warning C4267: 'argument': conversion from 'size_t' to '_Ty', possible loss of data
          with
          [
              _Ty=int
          ]
C:\Users\cstan\source\repos\vcpkg\installed\x64-windows\include\crow\mustache.h(221,1): warning C4267: 'argument': conversion from 'size_t' to 'int', possible loss of data
C:\Users\cstan\source\repos\vcpkg\installed\x64-windows\include\crow\mustache.h(367,1): warning C4267: 'argument': conversion from 'size_t' to 'int', possible loss of data
C:\Users\cstan\source\repos\vcpkg\installed\x64-windows\include\crow\mustache.h(378,1): warning C4267: 'argument': conversion from 'size_t' to 'int', possible loss of data
C:\Users\cstan\source\repos\vcpkg\installed\x64-windows\include\crow\mustache.h(390,1): warning C4267: 'argument': conversion from 'size_t' to 'int', possible loss of data
C:\Users\cstan\source\repos\vcpkg\installed\x64-windows\include\crow\mustache.h(401,1): warning C4267: 'argument': conversion from 'size_t' to 'int', possible loss of data
C:\Users\cstan\source\repos\vcpkg\installed\x64-windows\include\crow\mustache.h(463,1): warning C4267: '=': conversion from 'size_t' to 'int', possible loss of data
C:\Users\cstan\source\repos\vcpkg\installed\x64-windows\include\crow\mustache.h(563,1): warning C4267: 'initializing': conversion from 'size_t' to 'int', possible loss of data
C:\Users\cstan\source\repos\vcpkg\installed\x64-windows\include\crow\routing.h(800,70): warning C4244: 'argument': conversion from '__int64' to 'unsigned int', possible loss of data
C:\Users\cstan\source\repos\vcpkg\installed\x64-windows\include\crow\routing.h(821,70): warning C4244: 'argument': conversion from '__int64' to 'unsigned int', possible loss of data
C:\Users\cstan\source\repos\vcpkg\installed\x64-windows\include\crow\routing.h(842,70): warning C4244: 'argument': conversion from '__int64' to 'unsigned int', possible loss of data
C:\Users\cstan\source\repos\vcpkg\installed\x64-windows\include\crow\routing.h(864,1): warning C4267: 'argument': conversion from 'size_t' to 'unsigned int', possible loss of data
C:\Users\cstan\source\repos\vcpkg\installed\x64-windows\include\crow\routing.h(880,1): warning C4267: 'argument': conversion from 'size_t' to 'unsigned int', possible loss of data
C:\Users\cstan\source\repos\vcpkg\installed\x64-windows\include\crow\routing.h(895,1): warning C4267: 'argument': conversion from 'size_t' to 'unsigned int', possible loss of data
C:\Users\cstan\source\repos\vcpkg\installed\x64-windows\include\crow\routing.h(945,53): warning C4267: '+=': conversion from 'size_t' to 'unsigned int', possible loss of data
C:\Users\cstan\source\repos\vcpkg\installed\x64-windows\include\crow\routing.h(956,45): warning C4267: '+=': conversion from 'size_t' to 'unsigned int', possible loss of data
C:\Users\cstan\source\repos\vcpkg\installed\x64-windows\include\crow\routing.h(1002,36): warning C4267: '+=': conversion from 'size_t' to 'unsigned int', possible loss of data
C:\Users\cstan\source\repos\vcpkg\installed\x64-windows\include\crow\routing.h(1005,33): warning C4267: '+=': conversion from 'size_t' to 'unsigned int', possible loss of data
C:\Users\cstan\source\repos\vcpkg\installed\x64-windows\include\crow\routing.h(1212,1): warning C4267: 'argument': conversion from 'size_t' to 'unsigned int', possible loss of data
C:\Users\cstan\source\repos\vcpkg\installed\x64-windows\include\crow\routing.h(1212,1): warning C4267: 'argument': conversion from 'size_t' to 'uint16_t', possible loss of data
C:\Users\cstan\source\repos\vcpkg\installed\x64-windows\include\crow\routing.h(1259,1): warning C4267: 'argument': conversion from 'size_t' to 'unsigned int', possible loss of data
C:\Users\cstan\source\repos\vcpkg\installed\x64-windows\include\crow\routing.h(1420,1): warning C4267: 'initializing': conversion from 'size_t' to 'int', possible loss of data
C:\Users\cstan\Desktop\triv\triv\Player.cpp(135,12): error C2440: 'return': cannot convert from 'int' to 'int &'
  PlayerCompare.cpp
C:\Users\cstan\Desktop\triv\triv\Board.h(21,21): warning C4018: '<': signed/unsigned mismatch
C:\Users\cstan\Desktop\triv\triv\Board.h(23,22): warning C4018: '<': signed/unsigned mismatch
  Question.cpp
  QuestionsBank.cpp
  SingleAnswerQuestion.cpp
  Territory.cpp
  triv.cpp
C:\Users\cstan\Desktop\triv\triv\Board.h(21,21): warning C4018: '<': signed/unsigned mismatch
C:\Users\cstan\Desktop\triv\triv\Board.h(23,22): warning C4018: '<': signed/unsigned mismatch
C:\Users\cstan\source\repos\vcpkg\installed\x64-windows\include\crow\query_string.h(117,37): warning C4267: '=': conversion from 'size_t' to 'int', possible loss of data
C:\Users\cstan\source\repos\vcpkg\installed\x64-windows\include\crow\query_string.h(370,1): warning C4267: 'argument': conversion from 'size_t' to 'int', possible loss of data
C:\Users\cstan\source\repos\vcpkg\installed\x64-windows\include\crow\query_string.h(406,1): warning C4267: 'argument': conversion from 'size_t' to 'int', possible loss of data
C:\Users\cstan\source\repos\vcpkg\installed\x64-windows\include\crow\query_string.h(445,1): warning C4267: 'argument': conversion from 'size_t' to 'int', possible loss of data
C:\Users\cstan\source\repos\vcpkg\installed\x64-windows\include\crow\utility.h(691,13): warning C4267: 'initializing': conversion from 'size_t' to 'unsigned int', possible loss of data
C:\Users\cstan\source\repos\vcpkg\installed\x64-windows\include\crow\http_parser_merged.h(589,32): warning C4244: '=': conversion from '__int64' to 'unsigned long', possible loss of data
C:\Users\cstan\source\repos\vcpkg\installed\x64-windows\include\crow\http_parser_merged.h(609,32): warning C4244: '=': conversion from '__int64' to 'unsigned long', possible loss of data
  Please define _WIN32_WINNT or _WIN32_WINDOWS appropriately. For example:
  - add -D_WIN32_WINNT=0x0601 to the compiler command line; or
  - add _WIN32_WINNT=0x0601 to your project's Preprocessor Definitions.
  Assuming _WIN32_WINNT=0x0601 (i.e. Windows 7 target).
C:\Users\cstan\source\repos\vcpkg\installed\x64-windows\include\crow\json.h(1211,39): warning C4267: 'argument': conversion from 'size_t' to 'uint32_t', possible loss of data
C:\Users\cstan\source\repos\vcpkg\installed\x64-windows\include\crow\json.h(1671,1): warning C4267: 'return': conversion from 'size_t' to 'int', possible loss of data
C:\Users\cstan\source\repos\vcpkg\installed\x64-windows\include\crow\mustache.h(97,1): warning C4267: 'initializing': conversion from 'size_t' to 'int', possible loss of data
C:\Users\cstan\source\repos\vcpkg\installed\x64-windows\include\crow\mustache.h(116,1): warning C4267: '=': conversion from 'size_t' to 'int', possible loss of data
C:\Users\cstan\source\repos\vcpkg\installed\x64-windows\include\crow\mustache.h(118,1): warning C4267: 'argument': conversion from 'size_t' to '_Ty', possible loss of data
          with
          [
              _Ty=int
          ]
C:\Users\cstan\source\repos\vcpkg\installed\x64-windows\include\crow\mustache.h(221,1): warning C4267: 'argument': conversion from 'size_t' to 'int', possible loss of data
C:\Users\cstan\source\repos\vcpkg\installed\x64-windows\include\crow\mustache.h(367,1): warning C4267: 'argument': conversion from 'size_t' to 'int', possible loss of data
C:\Users\cstan\source\repos\vcpkg\installed\x64-windows\include\crow\mustache.h(378,1): warning C4267: 'argument': conversion from 'size_t' to 'int', possible loss of data
C:\Users\cstan\source\repos\vcpkg\installed\x64-windows\include\crow\mustache.h(390,1): warning C4267: 'argument': conversion from 'size_t' to 'int', possible loss of data
C:\Users\cstan\source\repos\vcpkg\installed\x64-windows\include\crow\mustache.h(401,1): warning C4267: 'argument': conversion from 'size_t' to 'int', possible loss of data
C:\Users\cstan\source\repos\vcpkg\installed\x64-windows\include\crow\mustache.h(463,1): warning C4267: '=': conversion from 'size_t' to 'int', possible loss of data
C:\Users\cstan\source\repos\vcpkg\installed\x64-windows\include\crow\mustache.h(563,1): warning C4267: 'initializing': conversion from 'size_t' to 'int', possible loss of data
C:\Users\cstan\source\repos\vcpkg\installed\x64-windows\include\crow\routing.h(800,70): warning C4244: 'argument': conversion from '__int64' to 'unsigned int', possible loss of data
C:\Users\cstan\source\repos\vcpkg\installed\x64-windows\include\crow\routing.h(821,70): warning C4244: 'argument': conversion from '__int64' to 'unsigned int', possible loss of data
C:\Users\cstan\source\repos\vcpkg\installed\x64-windows\include\crow\routing.h(842,70): warning C4244: 'argument': conversion from '__int64' to 'unsigned int', possible loss of data
C:\Users\cstan\source\repos\vcpkg\installed\x64-windows\include\crow\routing.h(864,1): warning C4267: 'argument': conversion from 'size_t' to 'unsigned int', possible loss of data
C:\Users\cstan\source\repos\vcpkg\installed\x64-windows\include\crow\routing.h(880,1): warning C4267: 'argument': conversion from 'size_t' to 'unsigned int', possible loss of data
C:\Users\cstan\source\repos\vcpkg\installed\x64-windows\include\crow\routing.h(895,1): warning C4267: 'argument': conversion from 'size_t' to 'unsigned int', possible loss of data
C:\Users\cstan\source\repos\vcpkg\installed\x64-windows\include\crow\routing.h(945,53): warning C4267: '+=': conversion from 'size_t' to 'unsigned int', possible loss of data
C:\Users\cstan\source\repos\vcpkg\installed\x64-windows\include\crow\routing.h(956,45): warning C4267: '+=': conversion from 'size_t' to 'unsigned int', possible loss of data
C:\Users\cstan\source\repos\vcpkg\installed\x64-windows\include\crow\routing.h(1002,36): warning C4267: '+=': conversion from 'size_t' to 'unsigned int', possible loss of data
C:\Users\cstan\source\repos\vcpkg\installed\x64-windows\include\crow\routing.h(1005,33): warning C4267: '+=': conversion from 'size_t' to 'unsigned int', possible loss of data
C:\Users\cstan\source\repos\vcpkg\installed\x64-windows\include\crow\routing.h(1212,1): warning C4267: 'argument': conversion from 'size_t' to 'unsigned int', possible loss of data
C:\Users\cstan\source\repos\vcpkg\installed\x64-windows\include\crow\routing.h(1212,1): warning C4267: 'argument': conversion from 'size_t' to 'uint16_t', possible loss of data
C:\Users\cstan\source\repos\vcpkg\installed\x64-windows\include\crow\routing.h(1259,1): warning C4267: 'argument': conversion from 'size_t' to 'unsigned int', possible loss of data
C:\Users\cstan\source\repos\vcpkg\installed\x64-windows\include\crow\routing.h(1420,1): warning C4267: 'initializing': conversion from 'size_t' to 'int', possible loss of data
  Generating Code...
